<?xml version="1.0" encoding="UTF-8"?>
<!-- Generated by org.testng.reporters.JUnitReportReporter -->
<testsuite hostname="Lenovo" failures="0" tests="1" name="PageFactoryTest.TestViewOrders" time="87.313" errors="0" timestamp="04 May 2021 06:52:55 GMT" skipped="0">
  <testcase classname="PageFactoryTest.TestViewOrders" name="testvieworder" time="87.313"/>
</testsuite> <!-- PageFactoryTest.TestViewOrders -->
